<?xml version="1.0" encoding="UTF-8"?>
<!-- Generated by org.testng.reporters.JUnitXMLReporter -->
<testsuite hostname="SAVENKAT-LT" ignored="0" name="Test" tests="4" failures="0" timestamp="07 Jun 2020 07:04:20 GMT" time="9.846" errors="0">
  <testcase name="testRun1" time="8.261" classname="Soap.testRunner"/>
  <testcase name="testRun1" time="0.627" classname="Soap.testRunner2"/>
  <testcase name="testRun1" time="0.416" classname="Rest.restRunner2"/>
  <testcase name="testRun1" time="0.5" classname="Rest.restRunner"/>
</testsuite> <!-- Test -->
